<?xml version="1.0" encoding="UTF-8"?>
<testng-results ignored="0" total="3" passed="3" failed="0" skipped="0">
  <reporter-output>
  </reporter-output>
  <suite started-at="2025-01-28T23:34:11 IST" name="FullRegressionSuite" finished-at="2025-01-28T23:34:29 IST" duration-ms="18232">
    <groups>
      <group name="negavtive">
        <method signature="LoginTests.WrongPasswd()[pri:0, instance:com.rad.tests.login.LoginTests@7722c3c3]" name="WrongPasswd" class="com.rad.tests.login.LoginTests"/>
        <method signature="LoginTests.WrongUserName()[pri:0, instance:com.rad.tests.login.LoginTests@7722c3c3]" name="WrongUserName" class="com.rad.tests.login.LoginTests"/>
      </group> <!-- negavtive -->
      <group name="regression">
        <method signature="LoginTests.WrongPasswd()[pri:0, instance:com.rad.tests.login.LoginTests@7722c3c3]" name="WrongPasswd" class="com.rad.tests.login.LoginTests"/>
        <method signature="LoginTests.WrongUserName()[pri:0, instance:com.rad.tests.login.LoginTests@7722c3c3]" name="WrongUserName" class="com.rad.tests.login.LoginTests"/>
        <method signature="LoginTests.testLoginFunc()[pri:0, instance:com.rad.tests.login.LoginTests@7722c3c3]" name="testLoginFunc" class="com.rad.tests.login.LoginTests"/>
      </group> <!-- regression -->
      <group name="positive">
        <method signature="LoginTests.testLoginFunc()[pri:0, instance:com.rad.tests.login.LoginTests@7722c3c3]" name="testLoginFunc" class="com.rad.tests.login.LoginTests"/>
      </group> <!-- positive -->
    </groups>
    <test started-at="2025-01-28T23:34:11 IST" name="All Login Test" finished-at="2025-01-28T23:34:29 IST" duration-ms="18232">
      <class name="com.rad.tests.login.LoginTests">
        <test-method is-config="true" signature="setUp(java.lang.String)[pri:0, instance:com.rad.tests.login.LoginTests@7722c3c3]" started-at="2025-01-28T23:34:11 IST" name="setUp" finished-at="2025-01-28T23:34:15 IST" duration-ms="3927" status="PASS">
          <params>
            <param index="0">
              <value>
                <![CDATA[chrome]]>
              </value>
            </param>
          </params>
          <reporter-output>
          </reporter-output>
        </test-method> <!-- setUp -->
        <test-method signature="WrongPasswd()[pri:0, instance:com.rad.tests.login.LoginTests@7722c3c3]" started-at="2025-01-28T23:34:15 IST" name="WrongPasswd" finished-at="2025-01-28T23:34:15 IST" duration-ms="213" status="PASS">
          <reporter-output>
          </reporter-output>
        </test-method> <!-- WrongPasswd -->
        <test-method is-config="true" signature="CleanUP()[pri:0, instance:com.rad.tests.login.LoginTests@7722c3c3]" started-at="2025-01-28T23:34:15 IST" name="CleanUP" finished-at="2025-01-28T23:34:15 IST" duration-ms="104" status="PASS">
          <reporter-output>
          </reporter-output>
        </test-method> <!-- CleanUP -->
        <test-method is-config="true" signature="setUp(java.lang.String)[pri:0, instance:com.rad.tests.login.LoginTests@7722c3c3]" started-at="2025-01-28T23:34:15 IST" name="setUp" finished-at="2025-01-28T23:34:18 IST" duration-ms="2867" status="PASS">
          <params>
            <param index="0">
              <value>
                <![CDATA[chrome]]>
              </value>
            </param>
          </params>
          <reporter-output>
          </reporter-output>
        </test-method> <!-- setUp -->
        <test-method signature="WrongUserName()[pri:0, instance:com.rad.tests.login.LoginTests@7722c3c3]" started-at="2025-01-28T23:34:18 IST" name="WrongUserName" finished-at="2025-01-28T23:34:23 IST" duration-ms="5215" status="PASS">
          <reporter-output>
          </reporter-output>
        </test-method> <!-- WrongUserName -->
        <test-method is-config="true" signature="CleanUP()[pri:0, instance:com.rad.tests.login.LoginTests@7722c3c3]" started-at="2025-01-28T23:34:23 IST" name="CleanUP" finished-at="2025-01-28T23:34:23 IST" duration-ms="101" status="PASS">
          <reporter-output>
          </reporter-output>
        </test-method> <!-- CleanUP -->
        <test-method is-config="true" signature="setUp(java.lang.String)[pri:0, instance:com.rad.tests.login.LoginTests@7722c3c3]" started-at="2025-01-28T23:34:23 IST" name="setUp" finished-at="2025-01-28T23:34:26 IST" duration-ms="2814" status="PASS">
          <params>
            <param index="0">
              <value>
                <![CDATA[chrome]]>
              </value>
            </param>
          </params>
          <reporter-output>
          </reporter-output>
        </test-method> <!-- setUp -->
        <test-method signature="testLoginFunc()[pri:0, instance:com.rad.tests.login.LoginTests@7722c3c3]" started-at="2025-01-28T23:34:26 IST" name="testLoginFunc" finished-at="2025-01-28T23:34:29 IST" duration-ms="2845" status="PASS">
          <reporter-output>
          </reporter-output>
        </test-method> <!-- testLoginFunc -->
        <test-method is-config="true" signature="CleanUP()[pri:0, instance:com.rad.tests.login.LoginTests@7722c3c3]" started-at="2025-01-28T23:34:29 IST" name="CleanUP" finished-at="2025-01-28T23:34:29 IST" duration-ms="109" status="PASS">
          <reporter-output>
          </reporter-output>
        </test-method> <!-- CleanUP -->
      </class> <!-- com.rad.tests.login.LoginTests -->
    </test> <!-- All Login Test -->
  </suite> <!-- FullRegressionSuite -->
</testng-results>
