<?xml version="1.0" encoding="UTF-8"?>
<testsuite xmlns:xsi="http://www.w3.org/2001/XMLSchema-instance" xsi:noNamespaceSchemaLocation="https://maven.apache.org/surefire/maven-surefire-plugin/xsd/surefire-test-report.xsd" version="3.0.2" name="TestSuite" time="18.616" tests="3" errors="0" skipped="0" failures="0">
  <properties>
[...]
</properties>
  <testcase name="WrongPasswd" classname="com.rad.tests.login.LoginTests" time="0.213">
    <system-err><![CDATA[SLF4J: Failed to load class "org.slf4j.impl.StaticLoggerBinder".
SLF4J: Defaulting to no-operation (NOP) logger implementation
SLF4J: See http://www.slf4j.org/codes.html#StaticLoggerBinder for further details.
Jan 28, 2025 11:34:11 PM com.rad.tests.login.LoginTests setUp
INFO: Running the tests inchrome
Jan 28, 2025 11:34:12 PM org.openqa.selenium.devtools.CdpVersionFinder findNearestMatch
WARNING: Unable to find an exact match for CDP version 132, returning the closest version; found: 131; Please update to a Selenium version that supports CDP version 132
Jan 28, 2025 11:34:15 PM com.rad.tests.login.LoginTests WrongPasswd
INFO: Starting WrongPasswd()
Jan 28, 2025 11:34:15 PM com.rad.tests.login.LoginTests WrongPasswd
INFO: Verifying WrongPasswd()
]]></system-err>
  </testcase>
  <testcase name="WrongUserName" classname="com.rad.tests.login.LoginTests" time="5.215">
    <system-err><![CDATA[Jan 28, 2025 11:34:15 PM com.rad.tests.login.LoginTests CleanUP
INFO: Browser closed
Jan 28, 2025 11:34:15 PM com.rad.tests.login.LoginTests setUp
INFO: Running the tests inchrome
Jan 28, 2025 11:34:16 PM org.openqa.selenium.devtools.CdpVersionFinder findNearestMatch
WARNING: Unable to find an exact match for CDP version 132, returning the closest version; found: 131; Please update to a Selenium version that supports CDP version 132
Jan 28, 2025 11:34:18 PM com.rad.tests.login.LoginTests WrongUserName
INFO: Starting WrongUserName()
Jan 28, 2025 11:34:18 PM com.rad.tests.login.LoginTests WrongUserName
INFO: Verifying WrongUserName()
]]></system-err>
  </testcase>
  <testcase name="testLoginFunc" classname="com.rad.tests.login.LoginTests" time="2.846">
    <system-err><![CDATA[Jan 28, 2025 11:34:23 PM com.rad.tests.login.LoginTests CleanUP
INFO: Browser closed
Jan 28, 2025 11:34:23 PM com.rad.tests.login.LoginTests setUp
INFO: Running the tests inchrome
Jan 28, 2025 11:34:24 PM org.openqa.selenium.devtools.CdpVersionFinder findNearestMatch
WARNING: Unable to find an exact match for CDP version 132, returning the closest version; found: 131; Please update to a Selenium version that supports CDP version 132
Jan 28, 2025 11:34:26 PM com.rad.tests.login.LoginTests testLoginFunc
INFO: Starting testLoginFunc()
Jan 28, 2025 11:34:29 PM com.rad.tests.login.LoginTests testLoginFunc
INFO: Verifying testLoginFunc()
]]></system-err>
  </testcase>
</testsuite>