<?xml version="1.0" encoding="UTF-8"?>
<!-- Generated by org.testng.reporters.JUnitXMLReporter -->
<testsuite ignored="0" hostname="ROG-ZEPHYRUS" failures="0" tests="3" name="All Login Test" time="18.232" errors="0" timestamp="2025-01-28T23:34:29 IST">
  <testcase classname="com.rad.tests.login.LoginTests" name="WrongPasswd" time="0.213"/>
  <testcase classname="com.rad.tests.login.LoginTests" name="WrongUserName" time="5.215"/>
  <testcase classname="com.rad.tests.login.LoginTests" name="testLoginFunc" time="2.845"/>
</testsuite> <!-- All Login Test -->
